----------

Sat Apr 11 2020 23:41:12 GMT+0700 (Western Indonesia Time)

'git' is not recognized as an internal or external command,
operable program or batch file.


----------

Sat Apr 11 2020 23:41:12 GMT+0700 (Western Indonesia Time)

'git' is not recognized as an internal or external command,
operable program or batch file.


----------

Sat Apr 11 2020 23:41:12 GMT+0700 (Western Indonesia Time)

'git' is not recognized as an internal or external command,
operable program or batch file.


----------

Sun Apr 12 2020 00:15:33 GMT+0700 (Western Indonesia Time)

'git' is not recognized as an internal or external command,
operable program or batch file.


----------

Sun Apr 12 2020 00:15:33 GMT+0700 (Western Indonesia Time)

'git' is not recognized as an internal or external command,
operable program or batch file.


----------

Sun Apr 12 2020 00:15:33 GMT+0700 (Western Indonesia Time)

'git' is not recognized as an internal or external command,
operable program or batch file.


